============================= test session starts ==============================
platform linux -- Python 3.12.3, pytest-7.4.3, pluggy-1.6.0 -- /home/tailan-de-souza/Documentos/6 Semestre/Gerencia de Configura√ß√£o/TrabalhoFInal/TrabalhoGerenConfig/venv/bin/python3
cachedir: .pytest_cache
rootdir: /home/tailan-de-souza/Documentos/6 Semestre/Gerencia de Configura√ß√£o/TrabalhoFInal/TrabalhoGerenConfig/backend
plugins: mock-3.12.0
collecting ... collected 14 items

tests/testError.py::TestValidacoesUsuario::test_email[aluno@quixada.ufc.br-True-E-mail institucional] PASSED
tests/testError.py::TestValidacoesUsuario::test_email[professor@gmail.com-True-E-mail comum] PASSED
tests/testError.py::TestValidacoesUsuario::test_email[usuario_sem_arroba.com-False-Falta @] PASSED
tests/testError.py::TestValidacoesUsuario::test_email[email@dominio-False-Falta TLD (.com)] PASSED
tests/testError.py::TestValidacoesUsuario::test_email[-False-Campo vazio] PASSED
tests/testError.py::TestValidacoesUsuario::test_email[falha_proposital@teste.com-False-FOR\xc7ANDO FALHA: E-mail v\xe1lido mas esperado False] FAILED
tests/testError.py::TestValidacoesUsuario::test_senha[Ola12345!!-True-Senha completa (Ideal)] PASSED
tests/testError.py::TestValidacoesUsuario::test_senha[12345-False-Muito curta] PASSED
tests/testError.py::TestValidacoesUsuario::test_senha[senhateste-False-Apenas min\xfasculas] PASSED
tests/testError.py::TestValidacoesUsuario::test_senha[SenhaSemNumero!!-False-Sem n\xfamero] PASSED
tests/testError.py::TestValidacoesUsuario::test_senha[Ola12345-False-Sem s\xedmbolo] PASSED
tests/testError.py::TestValidacoesUsuario::test_senha[ola12345!!-False-Sem mai\xfascula] PASSED
tests/testError.py::TestValidacoesUsuario::test_senha[OLA12345!!-False-Sem min\xfascula] PASSED
tests/testError.py::TestValidacoesUsuario::test_senha[123-True-FOR\xc7ANDO FALHA: Senha curta mas esperada True] FAILED

=================================== FAILURES ===================================
_ TestValidacoesUsuario.test_email[falha_proposital@teste.com-False-FOR\xc7ANDO FALHA: E-mail v\xe1lido mas esperado False] _

self = <tests.testError.TestValidacoesUsuario object at 0x75b3faf52390>
email = 'falha_proposital@teste.com', deve_passar = False
cenario = 'FOR√áANDO FALHA: E-mail v√°lido mas esperado False'

    @pytest.mark.parametrize("email, deve_passar, cenario", [
        ("aluno@quixada.ufc.br", True, "E-mail institucional"),
        ("professor@gmail.com", True, "E-mail comum"),
        ("usuario_sem_arroba.com", False, "Falta @"),
        ("email@dominio", False, "Falta TLD (.com)"),
        ("", False, "Campo vazio"),
        ("falha_proposital@teste.com", False, "FOR√áANDO FALHA: E-mail v√°lido mas esperado False"),
    ])
    def test_email(self, email, deve_passar, cenario):
        logger.info(f"üîπ [EMAIL] {cenario} | Analisando: '{email}'")
    
        start = time.time()
        valido, mensagem = validar_email(email)
        elapsed = (time.time() - start) * 1000
    
        status = "‚úÖ PASSED" if valido == deve_passar else "‚ùå FAILED"
    
        logger.info(f"   Status: {status} ({elapsed:.2f}ms)")
        logger.info(f"   Mensagem: {mensagem}")
    
        if not valido == deve_passar:
            logger.error(f"   ‚ö†Ô∏è ERRO: Esperava {deve_passar} mas a fun√ß√£o retornou {valido}")
    
>       assert valido == deve_passar
E       assert True == False

tests/testError.py:54: AssertionError
------------------------------ Captured log call -------------------------------
ERROR    tests.testError:testError.py:52    ‚ö†Ô∏è ERRO: Esperava False mas a fun√ß√£o retornou True
_ TestValidacoesUsuario.test_senha[123-True-FOR\xc7ANDO FALHA: Senha curta mas esperada True] _

self = <tests.testError.TestValidacoesUsuario object at 0x75b3faf529c0>
senha = '123', deve_passar = True
cenario = 'FOR√áANDO FALHA: Senha curta mas esperada True'

    @pytest.mark.parametrize("senha, deve_passar, cenario", [
        ("Ola12345!!", True, "Senha completa (Ideal)"),
        ("12345", False, "Muito curta"),
        ("senhateste", False, "Apenas min√∫sculas"),
        ("SenhaSemNumero!!", False, "Sem n√∫mero"),
        ("Ola12345", False, "Sem s√≠mbolo"),
        ("ola12345!!", False, "Sem mai√∫scula"),
        ("OLA12345!!", False, "Sem min√∫scula"),
        ("123", True, "FOR√áANDO FALHA: Senha curta mas esperada True"),
    ])
    def test_senha(self, senha, deve_passar, cenario):
        logger.info(f"üî∏ [SENHA] {cenario}")
    
        start = time.time()
        valido, mensagem, detalhes = validar_senha_forte(senha)
        elapsed = (time.time() - start) * 1000
    
        status = "‚úÖ PASSED" if valido == deve_passar else "‚ùå FAILED"
    
        logger.info(f"   Status: {status} ({elapsed:.2f}ms) | Entrada: '{senha}'")
        logger.info(f"   Checklist: {detalhes}")
    
        if not valido == deve_passar:
            logger.error(f"   ‚ùå MOTIVO DA FALHA: {mensagem}")
    
>       assert valido == deve_passar
E       assert False == True

tests/testError.py:81: AssertionError
------------------------------ Captured log call -------------------------------
ERROR    tests.testError:testError.py:79    ‚ùå MOTIVO DA FALHA: Senha n√£o atende aos requisitos de seguran√ßa.
=========================== short test summary info ============================
FAILED tests/testError.py::TestValidacoesUsuario::test_email[falha_proposital@teste.com-False-FOR\xc7ANDO FALHA: E-mail v\xe1lido mas esperado False]
FAILED tests/testError.py::TestValidacoesUsuario::test_senha[123-True-FOR\xc7ANDO FALHA: Senha curta mas esperada True]
========================= 2 failed, 12 passed in 0.20s =========================
